d:\c++\leetcode\leetcode\leetcode\debug\vc120.pdb
d:\c++\leetcode\leetcode\leetcode\debug\vc120.idb
d:\c++\leetcode\leetcode\leetcode\debug\403forbidden.obj
d:\c++\leetcode\leetcode\leetcode\debug\font size.obj
d:\c++\leetcode\leetcode\leetcode\debug\house robber.obj
d:\c++\leetcode\leetcode\leetcode\debug\kmp.obj
d:\c++\leetcode\leetcode\leetcode\debug\kth smallest element in a bst.obj
d:\c++\leetcode\leetcode\leetcode\debug\mergesort.obj
d:\c++\leetcode\leetcode\leetcode\debug\palindrome.obj
d:\c++\leetcode\leetcode\leetcode\debug\postorder.obj
d:\c++\leetcode\leetcode\leetcode\debug\pretraversal.obj
d:\c++\leetcode\leetcode\leetcode\debug\qsort.obj
d:\c++\leetcode\leetcode\leetcode\debug\readandwrite.obj
d:\c++\leetcode\leetcode\leetcode\debug\string.obj
d:\c++\leetcode\leetcode\leetcode\debug\test.obj
d:\c++\leetcode\leetcode\leetcode\debug\ugly number ii.obj
d:\c++\leetcode\leetcode\debug\leetcode.ilk
d:\c++\leetcode\leetcode\debug\leetcode.exe
d:\c++\leetcode\leetcode\debug\leetcode.pdb
d:\c++\leetcode\leetcode\leetcode\debug\leetcode.tlog\cl.command.1.tlog
d:\c++\leetcode\leetcode\leetcode\debug\leetcode.tlog\cl.read.1.tlog
d:\c++\leetcode\leetcode\leetcode\debug\leetcode.tlog\cl.write.1.tlog
d:\c++\leetcode\leetcode\leetcode\debug\leetcode.tlog\link.command.1.tlog
d:\c++\leetcode\leetcode\leetcode\debug\leetcode.tlog\link.read.1.tlog
d:\c++\leetcode\leetcode\leetcode\debug\leetcode.tlog\link.write.1.tlog
