生成启动时间为 2016/5/8 11:19:35。
     1>项目“D:\C++\LeetCode\LeetCode\LeetCode\LeetCode.vcxproj”在节点 2 上(Build 个目标)。
     1>ClCompile:
         D:\Program Files (x86)\Microsoft Visual Studio 12.0\VC\bin\CL.exe /c /ZI /nologo /W3 /WX- /sdl /Od /Oy- /D WIN32 /D _DEBUG /D _CONSOLE /D _LIB /D _UNICODE /D UNICODE /D _CRT_SECURE_NO_WARNINGS /Gm /EHsc /RTC1 /MDd /GS /fp:precise /Zc:wchar_t /Zc:forScope /Fo"Debug\\" /Fd"Debug\vc120.pdb" /Gd /TP /analyze- /errorReport:prompt 403Forbidden.cpp
         403Forbidden.cpp
     1>d:\c++\leetcode\leetcode\leetcode\403forbidden.cpp(89): warning C4018: “<”: 有符号/无符号不匹配
       Link:
         D:\Program Files (x86)\Microsoft Visual Studio 12.0\VC\bin\link.exe /ERRORREPORT:PROMPT /OUT:"D:\C++\LeetCode\LeetCode\Debug\LeetCode.exe" /INCREMENTAL /NOLOGO kernel32.lib user32.lib gdi32.lib winspool.lib comdlg32.lib advapi32.lib shell32.lib ole32.lib oleaut32.lib uuid.lib odbc32.lib odbccp32.lib /MANIFEST /MANIFESTUAC:"level='asInvoker' uiAccess='false'" /manifest:embed /DEBUG /PDB:"D:\C++\LeetCode\LeetCode\Debug\LeetCode.pdb" /SUBSYSTEM:CONSOLE /TLBID:1 /DYNAMICBASE /NXCOMPAT /IMPLIB:"D:\C++\LeetCode\LeetCode\Debug\LeetCode.lib" /MACHINE:X86 Debug\403Forbidden.obj
         "Debug\Font Size.obj"
         "Debug\House Robber.obj"
         Debug\KMP.obj
         "Debug\Kth Smallest Element in a BST.obj"
         Debug\mergeSort.obj
         Debug\palindrome.obj
         Debug\postOrder.obj
         Debug\PreTraversal.obj
         Debug\QSort.obj
         Debug\ReadAndWrite.obj
         Debug\string.obj
         Debug\test.obj
         "Debug\Ugly Number II.obj"
         LeetCode.vcxproj -> D:\C++\LeetCode\LeetCode\Debug\LeetCode.exe
     1>已完成生成项目“D:\C++\LeetCode\LeetCode\LeetCode\LeetCode.vcxproj”(Build 个目标)的操作。

生成成功。

已用时间 00:00:01.19
